<?xml version="1.0" encoding="UTF-8"?>
<!-- Generated by org.testng.reporters.JUnitReportReporter -->
<testsuite skipped="0" hostname="KUMARMEGALA-PC" name="loginPage.VerifyLoginScreen" tests="1" failures="0" timestamp="06 Oct 2018 15:52:23 GMT" time="5.555" errors="0">
  <testcase name="TGG_001" time="5.555" classname="loginPage.VerifyLoginScreen"/>
</testsuite> <!-- loginPage.VerifyLoginScreen -->
