<?xml version="1.0" encoding="UTF-8"?>
<!-- Generated by org.testng.reporters.JUnitReportReporter -->
<testsuite skipped="0" hostname="KUMARMEGALA-PC" name="configs.setupDetails" tests="1" failures="0" timestamp="02 Oct 2018 10:36:30 GMT" time="0.004" errors="0">
  <testcase name="test_001" time="0.004" classname="configs.setupDetails"/>
</testsuite> <!-- configs.setupDetails -->
